GAS LISTING /tmp/ccDsrVJo.s 			page 1


   1              		.file	"BoundedBuffer.cpp"
   2              		.option nopic
   3              		.option norelax
   4              		.attribute arch, "rv64i2p0_m2p0_a2p0"
   5              		.attribute unaligned_access, 0
   6              		.attribute stack_align, 16
   7              		.text
   8              	.Ltext0:
   9              		.align	2
  10              		.globl	_ZN13BoundedBuffer6appendEc
  12              	_ZN13BoundedBuffer6appendEc:
  13              	.LFB5:
  14              		.file 1 "src/BoundedBuffer.cpp"
   1:src/BoundedBuffer.cpp **** #include "../h/BoundedBuffer.hpp"
   2:src/BoundedBuffer.cpp **** 
   3:src/BoundedBuffer.cpp **** void BoundedBuffer::append(char c){
  15              		.loc 1 3 35
  16              		.cfi_startproc
  17              	.LVL0:
  18 0000 130101FF 		addi	sp,sp,-16
  19              		.cfi_def_cfa_offset 16
  20 0004 23348100 		sd	s0,8(sp)
  21              		.cfi_offset 8, -8
  22 0008 13040101 		addi	s0,sp,16
  23              		.cfi_def_cfa 8, 0
   4:src/BoundedBuffer.cpp ****     buffer[tail]=c;
  24              		.loc 1 4 5
  25              		.loc 1 4 12 is_stmt 0
  26 000c 83370511 		ld	a5,272(a0)
  27              		.loc 1 4 17
  28 0010 3307F500 		add	a4,a0,a5
  29 0014 2300B700 		sb	a1,0(a4)
   5:src/BoundedBuffer.cpp ****     tail=(tail+1)%BUFFER_SIZE;
  30              		.loc 1 5 5 is_stmt 1
  31              		.loc 1 5 15 is_stmt 0
  32 0018 93871700 		addi	a5,a5,1
  33              		.loc 1 5 18
  34 001c 93F7F70F 		andi	a5,a5,255
  35              		.loc 1 5 9
  36 0020 2338F510 		sd	a5,272(a0)
   6:src/BoundedBuffer.cpp ****     count++;
  37              		.loc 1 6 5 is_stmt 1
  38 0024 83370510 		ld	a5,256(a0)
  39              		.loc 1 6 10 is_stmt 0
  40 0028 93871700 		addi	a5,a5,1
  41 002c 2330F510 		sd	a5,256(a0)
   7:src/BoundedBuffer.cpp **** }
  42              		.loc 1 7 1
  43 0030 03348100 		ld	s0,8(sp)
  44              		.cfi_restore 8
  45              		.cfi_def_cfa 2, 16
  46 0034 13010101 		addi	sp,sp,16
  47              		.cfi_def_cfa_offset 0
  48 0038 67800000 		jr	ra
  49              		.cfi_endproc
  50              	.LFE5:
  52              		.align	2
GAS LISTING /tmp/ccDsrVJo.s 			page 2


  53              		.globl	_ZN13BoundedBuffer4takeEv
  55              	_ZN13BoundedBuffer4takeEv:
  56              	.LFB6:
   8:src/BoundedBuffer.cpp **** 
   9:src/BoundedBuffer.cpp **** char BoundedBuffer::take(){
  57              		.loc 1 9 27 is_stmt 1
  58              		.cfi_startproc
  59              	.LVL1:
  60 003c 130101FF 		addi	sp,sp,-16
  61              		.cfi_def_cfa_offset 16
  62 0040 23348100 		sd	s0,8(sp)
  63              		.cfi_offset 8, -8
  64 0044 13040101 		addi	s0,sp,16
  65              		.cfi_def_cfa 8, 0
  66 0048 93070500 		mv	a5,a0
  10:src/BoundedBuffer.cpp ****     char c=buffer[head];
  67              		.loc 1 10 5
  68              		.loc 1 10 19 is_stmt 0
  69 004c 03378510 		ld	a4,264(a0)
  70              		.loc 1 10 10
  71 0050 B306E500 		add	a3,a0,a4
  72 0054 03C50600 		lbu	a0,0(a3)
  73              	.LVL2:
  11:src/BoundedBuffer.cpp ****     head=(head+1)%BUFFER_SIZE;
  74              		.loc 1 11 5 is_stmt 1
  75              		.loc 1 11 15 is_stmt 0
  76 0058 13071700 		addi	a4,a4,1
  77              		.loc 1 11 18
  78 005c 1377F70F 		andi	a4,a4,255
  79              		.loc 1 11 9
  80 0060 23B4E710 		sd	a4,264(a5)
  12:src/BoundedBuffer.cpp ****     count--;
  81              		.loc 1 12 5 is_stmt 1
  82 0064 03B70710 		ld	a4,256(a5)
  83              		.loc 1 12 10 is_stmt 0
  84 0068 1307F7FF 		addi	a4,a4,-1
  85 006c 23B0E710 		sd	a4,256(a5)
  13:src/BoundedBuffer.cpp ****     return c;
  86              		.loc 1 13 5 is_stmt 1
  14:src/BoundedBuffer.cpp **** }
  87              		.loc 1 14 1 is_stmt 0
  88 0070 03348100 		ld	s0,8(sp)
  89              		.cfi_restore 8
  90              		.cfi_def_cfa 2, 16
  91 0074 13010101 		addi	sp,sp,16
  92              		.cfi_def_cfa_offset 0
  93 0078 67800000 		jr	ra
  94              		.cfi_endproc
  95              	.LFE6:
  97              	.Letext0:
  98              		.file 2 "src/../h/../lib/hw.h"
  99              		.file 3 "src/../h/BoundedBuffer.hpp"
GAS LISTING /tmp/ccDsrVJo.s 			page 3


DEFINED SYMBOLS
                            *ABS*:0000000000000000 BoundedBuffer.cpp
     /tmp/ccDsrVJo.s:12     .text:0000000000000000 _ZN13BoundedBuffer6appendEc
     /tmp/ccDsrVJo.s:16     .text:0000000000000000 .L0 
     /tmp/ccDsrVJo.s:18     .text:0000000000000000 .L0 
     /tmp/ccDsrVJo.s:19     .text:0000000000000004 .L0 
     /tmp/ccDsrVJo.s:21     .text:0000000000000008 .L0 
     /tmp/ccDsrVJo.s:23     .text:000000000000000c .L0 
     /tmp/ccDsrVJo.s:25     .text:000000000000000c .L0 
     /tmp/ccDsrVJo.s:26     .text:000000000000000c .L0 
     /tmp/ccDsrVJo.s:28     .text:0000000000000010 .L0 
     /tmp/ccDsrVJo.s:31     .text:0000000000000018 .L0 
     /tmp/ccDsrVJo.s:32     .text:0000000000000018 .L0 
     /tmp/ccDsrVJo.s:34     .text:000000000000001c .L0 
     /tmp/ccDsrVJo.s:36     .text:0000000000000020 .L0 
     /tmp/ccDsrVJo.s:38     .text:0000000000000024 .L0 
     /tmp/ccDsrVJo.s:40     .text:0000000000000028 .L0 
     /tmp/ccDsrVJo.s:43     .text:0000000000000030 .L0 
     /tmp/ccDsrVJo.s:44     .text:0000000000000034 .L0 
     /tmp/ccDsrVJo.s:45     .text:0000000000000034 .L0 
     /tmp/ccDsrVJo.s:47     .text:0000000000000038 .L0 
     /tmp/ccDsrVJo.s:49     .text:000000000000003c .L0 
     /tmp/ccDsrVJo.s:55     .text:000000000000003c _ZN13BoundedBuffer4takeEv
     /tmp/ccDsrVJo.s:58     .text:000000000000003c .L0 
     /tmp/ccDsrVJo.s:60     .text:000000000000003c .L0 
     /tmp/ccDsrVJo.s:61     .text:0000000000000040 .L0 
     /tmp/ccDsrVJo.s:63     .text:0000000000000044 .L0 
     /tmp/ccDsrVJo.s:65     .text:0000000000000048 .L0 
     /tmp/ccDsrVJo.s:68     .text:000000000000004c .L0 
     /tmp/ccDsrVJo.s:69     .text:000000000000004c .L0 
     /tmp/ccDsrVJo.s:71     .text:0000000000000050 .L0 
     /tmp/ccDsrVJo.s:75     .text:0000000000000058 .L0 
     /tmp/ccDsrVJo.s:76     .text:0000000000000058 .L0 
     /tmp/ccDsrVJo.s:78     .text:000000000000005c .L0 
     /tmp/ccDsrVJo.s:80     .text:0000000000000060 .L0 
     /tmp/ccDsrVJo.s:82     .text:0000000000000064 .L0 
     /tmp/ccDsrVJo.s:84     .text:0000000000000068 .L0 
     /tmp/ccDsrVJo.s:87     .text:0000000000000070 .L0 
     /tmp/ccDsrVJo.s:88     .text:0000000000000070 .L0 
     /tmp/ccDsrVJo.s:89     .text:0000000000000074 .L0 
     /tmp/ccDsrVJo.s:90     .text:0000000000000074 .L0 
     /tmp/ccDsrVJo.s:92     .text:0000000000000078 .L0 
     /tmp/ccDsrVJo.s:94     .text:000000000000007c .L0 
     /tmp/ccDsrVJo.s:100    .text:000000000000007c .L0 
     /tmp/ccDsrVJo.s:406    .debug_abbrev:0000000000000000 .Ldebug_abbrev0
     /tmp/ccDsrVJo.s:831    .debug_str:000000000000002a .LASF34
     /tmp/ccDsrVJo.s:857    .debug_str:0000000000000178 .LASF35
     /tmp/ccDsrVJo.s:877    .debug_str:0000000000000216 .LASF36
     /tmp/ccDsrVJo.s:8      .text:0000000000000000 .Ltext0
     /tmp/ccDsrVJo.s:97     .text:000000000000007c .Letext0
     /tmp/ccDsrVJo.s:823    .debug_line:0000000000000000 .Ldebug_line0
     /tmp/ccDsrVJo.s:869    .debug_str:00000000000001e0 .LASF0
     /tmp/ccDsrVJo.s:861    .debug_str:00000000000001a0 .LASF1
     /tmp/ccDsrVJo.s:855    .debug_str:000000000000016a .LASF2
     /tmp/ccDsrVJo.s:837    .debug_str:0000000000000102 .LASF4
     /tmp/ccDsrVJo.s:859    .debug_str:000000000000018e .LASF3
     /tmp/ccDsrVJo.s:827    .debug_str:0000000000000013 .LASF5
GAS LISTING /tmp/ccDsrVJo.s 			page 4


     /tmp/ccDsrVJo.s:825    .debug_str:0000000000000000 .LASF6
     /tmp/ccDsrVJo.s:851    .debug_str:0000000000000148 .LASF7
     /tmp/ccDsrVJo.s:829    .debug_str:000000000000001a .LASF8
     /tmp/ccDsrVJo.s:835    .debug_str:00000000000000f4 .LASF9
     /tmp/ccDsrVJo.s:899    .debug_str:00000000000002cf .LASF10
     /tmp/ccDsrVJo.s:853    .debug_str:000000000000015b .LASF11
     /tmp/ccDsrVJo.s:897    .debug_str:00000000000002bf .LASF12
     /tmp/ccDsrVJo.s:881    .debug_str:0000000000000245 .LASF13
     /tmp/ccDsrVJo.s:863    .debug_str:00000000000001b3 .LASF14
     /tmp/ccDsrVJo.s:845    .debug_str:000000000000011f .LASF15
     /tmp/ccDsrVJo.s:879    .debug_str:000000000000022f .LASF16
     /tmp/ccDsrVJo.s:847    .debug_str:0000000000000135 .LASF17
     /tmp/ccDsrVJo.s:883    .debug_str:0000000000000255 .LASF19
     /tmp/ccDsrVJo.s:887    .debug_str:0000000000000289 .LASF18
     /tmp/ccDsrVJo.s:867    .debug_str:00000000000001c4 .LASF20
     /tmp/ccDsrVJo.s:891    .debug_str:0000000000000297 .LASF21
     /tmp/ccDsrVJo.s:873    .debug_str:00000000000001f4 .LASF23
     /tmp/ccDsrVJo.s:875    .debug_str:000000000000020e .LASF22
     /tmp/ccDsrVJo.s:893    .debug_str:000000000000029c .LASF24
     /tmp/ccDsrVJo.s:871    .debug_str:00000000000001ed .LASF25
     /tmp/ccDsrVJo.s:885    .debug_str:000000000000026c .LASF26
     /tmp/ccDsrVJo.s:843    .debug_str:0000000000000113 .LASF37
     /tmp/ccDsrVJo.s:889    .debug_str:0000000000000290 .LASF27
     /tmp/ccDsrVJo.s:833    .debug_str:00000000000000ee .LASF28
     /tmp/ccDsrVJo.s:865    .debug_str:00000000000001bf .LASF29
     /tmp/ccDsrVJo.s:849    .debug_str:0000000000000143 .LASF30
     /tmp/ccDsrVJo.s:895    .debug_str:00000000000002ba .LASF31
     /tmp/ccDsrVJo.s:841    .debug_str:000000000000010e .LASF32
     /tmp/ccDsrVJo.s:56     .text:000000000000003c .LFB6
     /tmp/ccDsrVJo.s:95     .text:000000000000007c .LFE6
     /tmp/ccDsrVJo.s:839    .debug_str:0000000000000109 .LASF33
     /tmp/ccDsrVJo.s:799    .debug_loc:0000000000000000 .LLST0
     /tmp/ccDsrVJo.s:13     .text:0000000000000000 .LFB5
     /tmp/ccDsrVJo.s:50     .text:000000000000003c .LFE5
     /tmp/ccDsrVJo.s:59     .text:000000000000003c .LVL1
     /tmp/ccDsrVJo.s:73     .text:0000000000000058 .LVL2
     /tmp/ccDsrVJo.s:101    .debug_info:0000000000000000 .Ldebug_info0

NO UNDEFINED SYMBOLS
