GAS LISTING /tmp/ccnycNcq.s 			page 1


   1              		.file	"Riscv.cpp"
   2              		.option nopic
   3              		.option norelax
   4              		.attribute arch, "rv64i2p0_m2p0_a2p0"
   5              		.attribute unaligned_access, 0
   6              		.attribute stack_align, 16
   7              		.text
   8              	.Ltext0:
   9              		.align	2
  10              		.globl	_ZN5Riscv10popSppSpieEv
  12              	_ZN5Riscv10popSppSpieEv:
  13              	.LFB18:
  14              		.file 1 "src/Riscv.cpp"
   1:src/Riscv.cpp **** #include "../h/Riscv.hpp"
   2:src/Riscv.cpp **** 
   3:src/Riscv.cpp **** void Riscv::popSppSpie() {
  15              		.loc 1 3 26
  16              		.cfi_startproc
  17 0000 130101FF 		addi	sp,sp,-16
  18              		.cfi_def_cfa_offset 16
  19 0004 23348100 		sd	s0,8(sp)
  20              		.cfi_offset 8, -8
  21 0008 13040101 		addi	s0,sp,16
  22              		.cfi_def_cfa 8, 0
   4:src/Riscv.cpp ****     __asm__ volatile ("csrw sepc,ra");
  23              		.loc 1 4 5
  24              		.loc 1 4 38 is_stmt 0
  25              	 #APP
  26              	# 4 "src/Riscv.cpp" 1
   5              	    __asm__ volatile ("sret");
  27              		csrw sepc,ra
  28              	# 0 "" 2
  29              		.loc 1 5 5 is_stmt 1
  30              		.loc 1 5 30 is_stmt 0
  31              	# 5 "src/Riscv.cpp" 1
   6              	}
  32              		sret
  33              	# 0 "" 2
  34              		.loc 1 6 1
  35              	 #NO_APP
  36 0014 03348100 		ld	s0,8(sp)
  37              		.cfi_restore 8
  38              		.cfi_def_cfa 2, 16
  39 0018 13010101 		addi	sp,sp,16
  40              		.cfi_def_cfa_offset 0
  41 001c 67800000 		jr	ra
  42              		.cfi_endproc
  43              	.LFE18:
  45              	.Letext0:
  46              		.file 2 "src/../h/../lib/hw.h"
  47              		.file 3 "src/../h/Riscv.hpp"
GAS LISTING /tmp/ccnycNcq.s 			page 2


DEFINED SYMBOLS
                            *ABS*:0000000000000000 Riscv.cpp
     /tmp/ccnycNcq.s:12     .text:0000000000000000 _ZN5Riscv10popSppSpieEv
     /tmp/ccnycNcq.s:16     .text:0000000000000000 .L0 
     /tmp/ccnycNcq.s:17     .text:0000000000000000 .L0 
     /tmp/ccnycNcq.s:18     .text:0000000000000004 .L0 
     /tmp/ccnycNcq.s:20     .text:0000000000000008 .L0 
     /tmp/ccnycNcq.s:22     .text:000000000000000c .L0 
     /tmp/ccnycNcq.s:24     .text:000000000000000c .L0 
       src/Riscv.cpp:4      .text:000000000000000c .L0 
     /tmp/ccnycNcq.s:30     .text:0000000000000010 .L0 
       src/Riscv.cpp:5      .text:0000000000000010 .L0 
     /tmp/ccnycNcq.s:36     .text:0000000000000014 .L0 
     /tmp/ccnycNcq.s:37     .text:0000000000000018 .L0 
     /tmp/ccnycNcq.s:38     .text:0000000000000018 .L0 
     /tmp/ccnycNcq.s:40     .text:000000000000001c .L0 
     /tmp/ccnycNcq.s:42     .text:0000000000000020 .L0 
     /tmp/ccnycNcq.s:48     .text:0000000000000020 .L0 
     /tmp/ccnycNcq.s:382    .debug_abbrev:0000000000000000 .Ldebug_abbrev0
     /tmp/ccnycNcq.s:646    .debug_str:0000000000000076 .LASF59
     /tmp/ccnycNcq.s:664    .debug_str:00000000000001a0 .LASF60
     /tmp/ccnycNcq.s:718    .debug_str:0000000000000345 .LASF61
     /tmp/ccnycNcq.s:8      .text:0000000000000000 .Ltext0
     /tmp/ccnycNcq.s:45     .text:0000000000000020 .Letext0
     /tmp/ccnycNcq.s:628    .debug_line:0000000000000000 .Ldebug_line0
     /tmp/ccnycNcq.s:708    .debug_str:0000000000000302 .LASF0
     /tmp/ccnycNcq.s:684    .debug_str:0000000000000231 .LASF1
     /tmp/ccnycNcq.s:674    .debug_str:00000000000001ee .LASF2
     /tmp/ccnycNcq.s:650    .debug_str:0000000000000148 .LASF4
     /tmp/ccnycNcq.s:680    .debug_str:0000000000000217 .LASF3
     /tmp/ccnycNcq.s:636    .debug_str:000000000000002c .LASF5
     /tmp/ccnycNcq.s:632    .debug_str:0000000000000013 .LASF6
     /tmp/ccnycNcq.s:666    .debug_str:00000000000001ae .LASF7
     /tmp/ccnycNcq.s:642    .debug_str:0000000000000052 .LASF8
     /tmp/ccnycNcq.s:648    .debug_str:000000000000013a .LASF9
     /tmp/ccnycNcq.s:754    .debug_str:0000000000000487 .LASF10
     /tmp/ccnycNcq.s:670    .debug_str:00000000000001d4 .LASF11
     /tmp/ccnycNcq.s:746    .debug_str:000000000000043d .LASF12
     /tmp/ccnycNcq.s:726    .debug_str:000000000000039c .LASF13
     /tmp/ccnycNcq.s:686    .debug_str:0000000000000244 .LASF14
     /tmp/ccnycNcq.s:660    .debug_str:0000000000000184 .LASF15
     /tmp/ccnycNcq.s:722    .debug_str:0000000000000370 .LASF16
     /tmp/ccnycNcq.s:662    .debug_str:000000000000019a .LASF62
     /tmp/ccnycNcq.s:654    .debug_str:0000000000000164 .LASF17
     /tmp/ccnycNcq.s:694    .debug_str:0000000000000293 .LASF19
     /tmp/ccnycNcq.s:730    .debug_str:00000000000003be .LASF18
     /tmp/ccnycNcq.s:688    .debug_str:0000000000000250 .LASF20
     /tmp/ccnycNcq.s:700    .debug_str:00000000000002ce .LASF21
     /tmp/ccnycNcq.s:738    .debug_str:0000000000000408 .LASF23
     /tmp/ccnycNcq.s:712    .debug_str:0000000000000317 .LASF22
     /tmp/ccnycNcq.s:678    .debug_str:0000000000000204 .LASF24
     /tmp/ccnycNcq.s:710    .debug_str:000000000000030f .LASF25
     /tmp/ccnycNcq.s:734    .debug_str:00000000000003e9 .LASF26
     /tmp/ccnycNcq.s:740    .debug_str:000000000000041d .LASF27
     /tmp/ccnycNcq.s:644    .debug_str:0000000000000062 .LASF28
     /tmp/ccnycNcq.s:702    .debug_str:00000000000002d7 .LASF29
     /tmp/ccnycNcq.s:652    .debug_str:000000000000014f .LASF31
GAS LISTING /tmp/ccnycNcq.s 			page 3


     /tmp/ccnycNcq.s:658    .debug_str:000000000000017d .LASF30
     /tmp/ccnycNcq.s:668    .debug_str:00000000000001c1 .LASF32
     /tmp/ccnycNcq.s:682    .debug_str:0000000000000229 .LASF33
     /tmp/ccnycNcq.s:716    .debug_str:0000000000000331 .LASF34
     /tmp/ccnycNcq.s:676    .debug_str:00000000000001fc .LASF35
     /tmp/ccnycNcq.s:748    .debug_str:000000000000044d .LASF36
     /tmp/ccnycNcq.s:752    .debug_str:0000000000000480 .LASF37
     /tmp/ccnycNcq.s:630    .debug_str:0000000000000000 .LASF38
     /tmp/ccnycNcq.s:638    .debug_str:0000000000000033 .LASF39
     /tmp/ccnycNcq.s:714    .debug_str:000000000000031e .LASF40
     /tmp/ccnycNcq.s:744    .debug_str:0000000000000437 .LASF41
     /tmp/ccnycNcq.s:720    .debug_str:000000000000035e .LASF42
     /tmp/ccnycNcq.s:634    .debug_str:0000000000000026 .LASF43
     /tmp/ccnycNcq.s:742    .debug_str:0000000000000425 .LASF44
     /tmp/ccnycNcq.s:736    .debug_str:00000000000003fd .LASF45
     /tmp/ccnycNcq.s:706    .debug_str:00000000000002ea .LASF46
     /tmp/ccnycNcq.s:656    .debug_str:0000000000000172 .LASF47
     /tmp/ccnycNcq.s:692    .debug_str:000000000000027b .LASF48
     /tmp/ccnycNcq.s:704    .debug_str:00000000000002e0 .LASF49
     /tmp/ccnycNcq.s:724    .debug_str:0000000000000386 .LASF50
     /tmp/ccnycNcq.s:698    .debug_str:00000000000002c4 .LASF51
     /tmp/ccnycNcq.s:696    .debug_str:00000000000002ae .LASF52
     /tmp/ccnycNcq.s:690    .debug_str:000000000000026a .LASF53
     /tmp/ccnycNcq.s:732    .debug_str:00000000000003cb .LASF54
     /tmp/ccnycNcq.s:728    .debug_str:00000000000003ac .LASF55
     /tmp/ccnycNcq.s:750    .debug_str:0000000000000461 .LASF56
     /tmp/ccnycNcq.s:672    .debug_str:00000000000001e3 .LASF57
     /tmp/ccnycNcq.s:640    .debug_str:000000000000003a .LASF58
     /tmp/ccnycNcq.s:13     .text:0000000000000000 .LFB18
     /tmp/ccnycNcq.s:43     .text:0000000000000020 .LFE18
     /tmp/ccnycNcq.s:49     .debug_info:0000000000000000 .Ldebug_info0

NO UNDEFINED SYMBOLS
